1632736872965	geckodriver	INFO	Listening on 127.0.0.1:51664
1632736876039	mozrunner::runner	INFO	Running command: "C:\\Program Files\\Mozilla Firefox\\firefox.exe" "--marionette" "-foreground" "-no-remote" "-profile" "C:\\Users\\hoang\\AppData\\Local\\Temp\\rust_mozprofilelggWnX"
1632736876501	Marionette	INFO	Marionette enabled
console.warn: SearchSettings: "get: No settings file exists, new profile?" (new NotFoundError("Could not open the file at C:\\Users\\hoang\\AppData\\Local\\Temp\\rust_mozprofilelggWnX\\search.json.mozlz4", (void 0)))
1632736878461	Marionette	INFO	Listening on port 51674
1632736878716	RemoteAgent	WARN	TLS certificate errors will be ignored for this session
1632736993177	Marionette	INFO	Stopped listening on port 51674
JavaScript error: resource:///modules/Interactions.jsm, line 230: NS_ERROR_FAILURE: Component returned failure code: 0x80004005 (NS_ERROR_FAILURE) [nsIUserIdleService.removeIdleObserver]
JavaScript error: chrome://remote/content/marionette/cert.js, line 55: NS_ERROR_NOT_AVAILABLE: Component returned failure code: 0x80040111 (NS_ERROR_NOT_AVAILABLE) [nsICertOverrideService.setDisableAllSecurityChecksAndLetAttackersInterceptMyData]

###!!! [Parent][RunMessage] Error: Channel closing: too late to send/recv, messages will be lost

4
1632736985440	RemoteAgent	WARN	TLS certificate errors will be ignored for this session
1632737026850	Marionette	INFO	Stopped listening on port 51774
JavaScript error: resource:///modules/Interactions.jsm, line 230: NS_ERROR_FAILURE: Component returned failure code: 0x80004005 (NS_ERROR_FAILURE) [nsIUserIdleService.removeIdleObserver]
JavaScript error: chrome://remote/content/marionette/cert.js, line 55: NS_ERROR_NOT_AVAILABLE: Component returned failure code: 0x80040111 (NS_ERROR_NOT_AVAILABLE) [nsICertOverrideService.setDisableAllSecurityChecksAndLetAttackersInterceptMyData]
1632737028990	geckodriver	INFO	Listening on 127.0.0.1:51842
1632737032064	mozrunner::runner	INFO	Running command: "C:\\Program Files\\Mozilla Firefox\\firefox.exe" "--marionette" "-foreground" "-no-remote" "-profile" "C:\\Users\\hoang\\AppData\\Local\\Temp\\rust_mozprofileHdfORa"
1632737032613	Marionette	INFO	Marionette enabled
console.warn: SearchSettings: "get: No settings file exists, new profile?" (new NotFoundError("Could not open the file at C:\\Users\\hoang\\AppData\\Local\\Temp\\rust_mozprofileHdfORa\\search.json.mozlz4", (void 0)))
1632737035323	Marionette	INFO	Listening on port 51850
1632737035772	RemoteAgent	WARN	TLS certificate errors will be ignored for this session
console.error: (new TypeError("currentNode is null", "resource://devtools/client/inspector/shared/style-change-tracker.js", 66))
TypeError: currentNode is null: canMutationImpactCurrentStyles@resource://devtools/client/inspector/shared/style-change-tracker.js:66:20
onMutations@resource://devtools/client/inspector/shared/style-change-tracker.js:84:41
_emit@resource://devtools/shared/event-emitter.js:244:34
emit@resource://devtools/shared/event-emitter.js:190:18
emit@resource://devtools/shared/event-emitter.js:342:18
getMutations@resource://devtools/client/fronts/walker.js:311:10

console.error: "Error writing request: getGrids"
1632737106523	Marionette	INFO	Stopped listening on port 51851632737107146	mozrunner::runner	INFO	Running command: "C:\\Program Files\\Mozilla Firefox\\firefox.exe" "--marionette" "-foreground" "-no-remote" "-profile" "C:\\Users\\hoang\\AppData\\Local\\Temp\\rust_mozprofilezBox4G"
1632737107521	Marionette	INFO	Marionette enabled
console.warn: SearchSettings: "get: No settings file exists, new profile?" (new NotFoundError("Could not open the file at C:\\Users\\hoang\\AppData\\Local\\Temp\\rust_mozprofilezBox4G\\search.json.mozlz4", (void 0)))
1632737109404	Marionette	INFO	Listening on port 51956
1632737109803	RemoteAgent	WARN	TLS certificate errors will be ignored for this session
1632737112239	Marionette	INFO	Stopped listening on port 51956
JavaScript error: resource:///modules/Interactions.jsm, line 230: NS_ERROR_FAILURE: Component returned failure code: 0x80004005 (NS_ERROR_FAILURE) [nsIUserIdleService.removeIdleObserver]

###!!! [Parent][RunMessage] Error: Channel closing: too late to send/recv, messages will be lost

1632737145866	geckodriver	INFO	Listening on 127.0.0.1:52035
1632737148920	mozrunner::runner	INFO	Running command: "C:\\Program Files\\Mozilla Firefox\\firefox.exe" "--marionette" "-foreground" "-no-remote" "-profile" "C:\\Users\\hoang\\AppData\\Local\\Temp\\rust_mozprofileQd1mFk"
1632737149417	Marionette	INFO	Marionette enabled
console.warn: SearchSettings: "get: No settings file exists, new profile?" (new NotFoundError("Could not open the file at C:\\Users\\hoang\\AppData\\Local\\Temp\\rust_mozprofileQd1mFk\\search.json.mozlz4", (void 0)))
1632737151351	Marionette	INFO	Listening on port 52044
1632737151577	RemoteAgent	WARN	TLS certificate errors will be ignored for this session
1632737153998	Marionette	INFO	Stopped listening on port 52044
JavaScript error: resource:///modules/Interactions.jsm, line 230: NS_ERROR_FAILURE: Component returned failure code: 0x80004005 (NS_ERROR_FAILURE) [nsIUserIdleService.removeIdleObserver]

###!!! [Parent][RunMessage] Error: Channel closing: too late to send/recv, messages will be lost

1632737217854	geckodriver	INFO	Listening on 127.0.0.1:52127
1632737220940	mozrunner::runner	INFO	Running command: "C:\\Program Files\\Mozilla Firefox\\firefox.exe" "--marionette" "-foreground" "-no-remote" "-profile" "C:\\Users\\hoang\\AppData\\Local\\Temp\\rust_mozprofileKO0lkf"
1632737221306	Marionette	INFO	Marionette enabled
console.warn: SearchSettings: "get: No settings file exists, new profile?" (new NotFoundError("Could not open the file at C:\\Users\\hoang\\AppData\\Local\\Temp\\rust_mozprofileKO0lkf\\search.json.mozlz4", (void 0)))
1632737223190	Marionette	INFO	Listening on port 52138
1632737223618	RemoteAgent	WARN	TLS certificate errors will be ignored for this session
1632737226469	Marionette	INFO	Stopped listening on port 52138
JavaScript error: resource:///modules/Interactions.jsm, line 230: NS_ERROR_FAILURE: Component returned failure code: 0x80004005 (NS_ERROR_FAILURE) [nsIUserIdleService.removeIdleObserver]
1632737293647	geckodriver	INFO	Listening on 127.0.0.1:52224
1632737296722	mozrunner::runner	INFO	Running command: "C:\\Program Files\\Mozilla Firefox\\firefox.exe" "--marionette" "-foreground" "-no-remote" "-profile" "C:\\Users\\hoang\\AppData\\Local\\Temp\\rust_mozprofilen86JGa"
1632737297085	Marionette	INFO	Marionette enabled
console.warn: SearchSettings: "get: No settings file exists, new profile?" (new NotFoundError("Could not open the file at C:\\Users\\hoang\\AppData\\Local\\Temp\\rust_mozprofilen86JGa\\search.json.mozlz4", (void 0)))
1632737299247	Marionette	INFO	Listening on port 52233
1632737299396	RemoteAgent	WARN	TLS certificate errors will be ignored for this session
1632737325154	Marionette	INFO	Stopped listening on port 52233
JavaScript error: resource:///modules/Interactions.jsm, line 230: NS_ERROR_FAILURE: Component returned failure code: 0x80004005 (NS_ERROR_FAILURE) [nsIUserIdleService.removeIdleObserver]
JavaScript error: chrome://remote/content/marionette/cert.js, line 55: NS_ERROR_NOT_AVAILABLE: Component returned failure code: 0x80040111 (NS_ERROR_NOT_AVAILABLE) [nsICertOverrideService.setDisableAllSecurityChecksAndLetAttackersInterceptMyData]

###!!! [Parent][RunMessage] Error: Channel closing: too late to send/recv, messages will be lost

3
1632737325215	RemoteAgent	WARN	TLS certificate errors will be ignored for this session
1632737544428	Marionette	INFO	Stopped listening on port 52303
JavaScript error: resource:///modules/Interactions.jsm, line 230: NS_ERROR_FAILURE: Component returned failure code: 0x80004005 (NS_ERROR_FAILURE) [nsIUserIdleService.removeIdleObserver]
JavaScript error: chrome://remote/content/marionette/cert.js, line 55: NS_ERROR_NOT_AVAILABLE: Component returned failure code: 0x80040111 (NS_ERROR_NOT_AVAILABLE) [nsICertOverrideService.setDisableAllSecurityChecksAndLetAttackersInterceptMyData]
ozprofilexxDnQ1\\search.json.mozlz4", (void 0)))
1632737543348	Marionette	INFO	Listening on port 52454
1632737543684	RemoteAgent	WARN	TLS certificate errors will be ignored for this session
1632737548433	Marionette	INFO	Stopped listening on port 52454
JavaScript error: resource:///modules/Interactions.jsm, line 230: NS_ERROR_FAILURE: Component returned failure code: 0x80004005 (NS_ERROR_FAILURE) [nsIUserIdleService.removeIdleObserver]

###!!! [Parent][RunMessage] Error: Channel closing: too late to send/recv, messages will be lost

1632738328124	geckodriver	INFO	Listening on 127.0.0.1:58518
1632738331166	mozrunner::runner	INFO	Running command: "C:\\Program Files\\Mozilla Firefox\\firefox.exe" "--marionette" "-foreground" "-no-remote" "-profile" "C:\\Users\\hoang\\AppData\\Local\\Temp\\rust_mozprofileHiPBYB"
1632738331530	Marionette	INFO	Marionette enabled
console.warn: SearchSettings: "get: No settings file exists, new profile?" (new NotFoundError("Could not open the file at C:\\Users\\hoang\\AppData\\Local\\Temp\\rust_mozprofileHiPBYB\\search.json.mozlz4", (void 0)))
1632738333408	Marionette	INFO	Listening on port 58527
1632738333837	RemoteAgent	WARN	TLS certificate errors will be ignored for this session
1632738337081	Marionette	INFO	Stopped listening on port 58527
JavaScript error: resource:///modules/Interactions.jsm, line 230: NS_ERROR_FAILURE: Component returned failure code: 0x80004005 (NS_ERROR_FAILURE) [nsIUserIdleService.removeIdleObserver]
1632738374114	geckodriver	INFO	Listening on 127.0.0.1:58616
1632738377185	mozrunner::runner	INFO	Running command: "C:\\Program Files\\Mozilla Firefox\\firefox.exe" "--marionette" "-foreground" "-no-remote" "-profile" "C:\\Users\\hoang\\AppData\\Local\\Temp\\rust_mozprofileLtiwk3"
1632738377571	Marionette	INFO	Marionette enabled
console.warn: SearchSettings: "get: No settings file exists, new profile?" (new NotFoundError("Could not open the file at C:\\Users\\hoang\\AppData\\Local\\Temp\\rust_mozprofileLtiwk3\\search.json.mozlz4", (void 0)))
1632738379487	Marionette	INFO	Listening on port 58626
1632738379849	RemoteAgent	WARN	TLS certificate errors will be ignored for this session
1632738383039	Marionette	INFO	Stopped listening on port 58626
JavaScript error: resource:///modules/Interactions.jsm, line 230: NS_ERROR_FAILURE: Component returned failure code: 0x80004005 (NS_ERROR_FAILURE) [nsIUserIdleService.removeIdleObserver]

###!!! [Child][MessageChannel] Error: (msgtype=0xA80006,name=PWebSocket::Msg_DeleteSelf) Channel closing: too late to send/recv, messages will be lost


###!!! [Parent][MessageChannel] Error: (msgtype=0x390077,name=PContent::Msg_DestroyBrowsingContextGroup) Closed channel: cannot send/recv

1632738879159	geckodriver	INFO	Listening on 127.0.0.1:58862
1632738882208	mozrunner::runner	INFO	Running command: "C:\\Program Files\\Mozilla Firefox\\firefox.exe" "--marionette" "-foreground" "-no-remote" "-profile" "C:\\Users\\hoang\\AppData\\Local\\Temp\\rust_mozprofile5bdly5"
1632738882577	Marionette	INFO	Marionette enabled
console.warn: SearchSettings: "get: No settings file exists, new profile?" (new NotFoundError("Could not open the file at C:\\Users\\hoang\\AppData\\Local\\Temp\\rust_mozprofile5bdly5\\search.json.mozlz4", (void 0)))
1632738884437	Marionette	INFO	Listening on port 58870
1632738884887	RemoteAgent	WARN	TLS certificate errors will be ignored for this session
1632738887644	Marionette	INFO	Stopped listening on port 58870
JavaScript error: resource:///modules/Interactions.jsm, line 230: NS_ERROR_FAILURE: Component returned failure code: 0x80004005 (NS_ERROR_FAILURE) [nsIUserIdleService.removeIdleObserver]
1632738974681	geckodriver	INFO	Listening on 127.0.0.1:58971
1632738977758	mozrunner::runner	INFO	Running command: "C:\\Program Files\\Mozilla Firefox\\firefox.exe" "--marionette" "-foreground" "-no-remote" "-profile" "C:\\Users\\hoang\\AppData\\Local\\Temp\\rust_mozprofileV5s9XV"
1632738978130	Marionette	INFO	Marionette enabled
console.warn: SearchSettings: "get: No settings file exists, new profile?" (new NotFoundError("Could not open the file at C:\\Users\\hoang\\AppData\\Local\\Temp\\rust_mozprofileV5s9XV\\search.json.mozlz4", (void 0)))
1632738980038	Marionette	INFO	Listening on port 58983
1632738980458	RemoteAgent	WARN	TLS certificate errors will be ignored for this session
1632738983247	Marionette	INFO	Stopped listening on port 58983
JavaScript error: resource:///modules/Interactions.jsm, line 230: NS_ERROR_FAILURE: Component returned failure code: 0x80004005 (NS_ERROR_FAILURE) [nsIUserIdleService.removeIdleObserver]

###!!! [Parent][RunMessage] Error: Channel closing: too late to send/recv, messages will be lost

1633172764270	geckodriver	INFO	Listening on 127.0.0.1:52961
1633172767352	mozrunner::runner	INFO	Running command: "C:\\Program Files\\Mozilla Firefox\\firefox.exe" "--marionette" "-foreground" "-no-remote" "-profile" "C:\\Users\\hoang\\AppData\\Local\\Temp\\rust_mozprofileFnwsmu"
1633172767731	Marionette	INFO	Marionette enabled
console.warn: SearchSettings: "get: No settings file exists, new profile?" (new NotFoundError("Could not open the file at C:\\Users\\hoang\\AppData\\Local\\Temp\\rust_mozprofileFnwsmu\\search.json.mozlz4", (void 0)))
1633172769856	Marionette	INFO	Listening on port 52972
1633172770038	RemoteAgent	WARN	TLS certificate errors will be ignored for this session
1633172773709	Marionette	INFO	Stopped listening on port 52972
JavaScript error: resource:///modules/Interactions.jsm, line 230: NS_ERROR_FAILURE: Component returned failure code: 0x80004005 (NS_ERROR_FAILURE) [nsIUserIdleService.removeIdleObserver]

###!!! [Child][RunMessage] Error: Channel closing: too late to send/recv, messages will be lost


###!!! [Parent][RunMessage] Error: Channel closing: too late to send/recv, messages will be lost

1633172827137	geckodriver	INFO	Listening on 127.0.0.1:53072
1633172830202	mozrunner::runner	INFO	Running command: "C:\\Program Files\\Mozilla Firefox\\firefox.exe" "--marionette" "-foreground" "-no-remote" "-profile" "C:\\Users\\hoang\\AppData\\Local\\Temp\\rust_mozprofile4r79kx"
1633172830550	Marionette	INFO	Marionette enabled
console.warn: SearchSettings: "get: No settings file exists, new profile?" (new NotFoundError("Could not open the file at C:\\Users\\hoang\\AppData\\Local\\Temp\\rust_mozprofile4r79kx\\search.json.mozlz4", (void 0)))
1633172832466	Marionette	INFO	Listening on port 53081
1633172832863	RemoteAgent	WARN	TLS certificate errors will be ignored for this session
1633172836190	Marionette	INFO	Stopped listening on port 53081
JavaScript error: resource:///modules/Interactions.jsm, line 230: NS_ERROR_FAILURE: Component returned failure code: 0x80004005 (NS_ERROR_FAILURE) [nsIUserIdleService.removeIdleObserver]
1633172956889	geckodriver	INFO	Listening on 127.0.0.1:53169
1633172959978	mozrunner::runner	INFO	Running command: "C:\\Program Files\\Mozilla Firefox\\firefox.exe" "--marionette" "-foreground" "-no-remote" "-profile" "C:\\Users\\hoang\\AppData\\Local\\Temp\\rust_mozprofilebDp4qJ"
1633172960335	Marionette	INFO	Marionette enabled
console.warn: SearchSettings: "get: No settings file exists, new profile?" (new NotFoundError("Could not open the file at C:\\Users\\hoang\\AppData\\Local\\Temp\\rust_mozprofilebDp4qJ\\search.json.mozlz4", (void 0)))
1633172962227	Marionette	INFO	Listening on port 53177
1633172962667	RemoteAgent	WARN	TLS certificate errors will be ignored for this session
1633172965814	Marionette	INFO	Stopped listening on port 53177
JavaScript error: resource:///modules/Interactions.jsm, line 230: NS_ERROR_FAILURE: Component returned failure code: 0x80004005 (NS_ERROR_FAILURE) [nsIUserIdleService.removeIdleObserver]
[Parent 20064, IPC I/O Parent] WARNING: file /builds/worker/checkouts/gecko/ipc/chromium/src/base/process_util_win.cc:167

###!!! [Parent][RunMessage] Error: Channel closing: too late to send/recv, messages will be lost

1633172973906	geckodriver	INFO	Listening on 127.0.0.1:53249
1633172976976	mozrunner::runner	INFO	Running command: "C:\\Program Files\\Mozilla Firefox\\firefox.exe" "--marionette" "-foreground" "-no-remote" "-profile" "C:\\Users\\hoang\\AppData\\Local\\Temp\\rust_mozprofileWsesSa"
1633172977328	Marionette	INFO	Marionette enabled
console.warn: SearchSettings: "get: No settings file exists, new profile?" (new NotFoundError("Could not open the file at C:\\Users\\hoang\\AppData\\Local\\Temp\\rust_mozprofileWsesSa\\search.json.mozlz4", (void 0)))
1633172979094	Marionette	INFO	Listening on port 53257
1633172979150	RemoteAgent	WARN	TLS certificate errors will be ignored for this session
1633172982608	Marionette	INFO	Stopped listening on port 53257
JavaScript error: resource:///modules/Interactions.jsm, line 230: NS_ERROR_FAILURE: Component returned failure code: 0x80004005 (NS_ERROR_FAILURE) [nsIUserIdleService.removeIdleObserver]
1633172995770	geckodriver	INFO	Listening on 127.0.0.1:53329
1633172998859	mozrunner::runner	INFO	Running command: "C:\\Program Files\\Mozilla Firefox\\firefox.exe" "--marionette" "-foreground" "-no-remote" "-profile" "C:\\Users\\hoang\\AppData\\Local\\Temp\\rust_mozprofilery1ZGc"
1633172999215	Marionette	INFO	Marionette enabled
console.warn: SearchSettings: "get: No settings file exists, new profile?" (new NotFoundError("Could not open the file at C:\\Users\\hoang\\AppData\\Local\\Temp\\rust_mozprofilery1ZGc\\search.json.mozlz4", (void 0)))
1633173000958	Marionette	INFO	Listening on port 53338
1633173001028	RemoteAgent	WARN	TLS certificate errors will be ignored for this session
1633173004829	Marionette	INFO	Stopped listening on port 53338
JavaScript error: resource:///modules/Interactions.jsm, line 230: NS_ERROR_FAILURE: Component returned failure code: 0x80004005 (NS_ERROR_FAILURE) [nsIUserIdleService.removeIdleObserver]
1633173023343	geckodriver	INFO	Listening on 127.0.0.1:53401
1633173026414	mozrunner::runner	INFO	Running command: "C:\\Program Files\\Mozilla Firefox\\firefox.exe" "--marionette" "-foreground" "-no-remote" "-profile" "C:\\Users\\hoang\\AppData\\Local\\Temp\\rust_mozprofileTNQtD0"
1633173026768	Marionette	INFO	Marionette enabled
console.warn: SearchSettings: "get: No settings file exists, new profile?" (new NotFoundError("Could not open the file at C:\\Users\\hoang\\AppData\\Local\\Temp\\rust_mozprofileTNQtD0\\search.json.mozlz4", (void 0)))
1633173028615	Marionette	INFO	Listening on port 53409
1633173029107	RemoteAgent	WARN	TLS certificate errors will be ignored for this session
1633173032440	Marionette	INFO	Stopped listening on port 53409
JavaScript error: resource:///modules/Interactions.jsm, line 230: NS_ERROR_FAILURE: Component returned failure code: 0x80004005 (NS_ERROR_FAILURE) [nsIUserIdleService.removeIdleObserver]
1633173043894	geckodriver	INFO	Listening on 127.0.0.1:53477
1633173046988	mozrunner::runner	INFO	Running command: "C:\\Program Files\\Mozilla Firefox\\firefox.exe" "--marionette" "-foreground" "-no-remote" "-profile" "C:\\Users\\hoang\\AppData\\Local\\Temp\\rust_mozprofileeGofnR"
1633173047350	Marionette	INFO	Marionette enabled
console.warn: SearchSettings: "get: No settings file exists, new profile?" (new NotFoundError("Could not open the file at C:\\Users\\hoang\\AppData\\Local\\Temp\\rust_mozprofileeGofnR\\search.json.mozlz4", (void 0)))
1633173049335	Marionette	INFO	Listening on port 53485
1633173049655	RemoteAgent	WARN	TLS certificate errors will be ignored for this session
1633173052448	Marionette	INFO	Stopped listening on port 53485
JavaScript error: resource:///modules/Interactions.jsm, line 230: NS_ERROR_FAILURE: Component returned failure code: 0x80004005 (NS_ERROR_FAILURE) [nsIUserIdleService.removeIdleObserver]

###!!! [Parent][RunMessage] Error: Channel closing: too late to send/recv, messages will be lost

1633173058960	geckodriver	INFO	Listening on 127.0.0.1:53549
1633173062015	mozrunner::runner	INFO	Running command: "C:\\Program Files\\Mozilla Firefox\\firefox.exe" "--marionette" "-foreground" "-no-remote" "-profile" "C:\\Users\\hoang\\AppData\\Local\\Temp\\rust_mozprofileUa6p6R"
1633173062369	Marionette	INFO	Marionette enabled
console.warn: SearchSettings: "get: No settings file exists, new profile?" (new NotFoundError("Could not open the file at C:\\Users\\hoang\\AppData\\Local\\Temp\\rust_mozprofileUa6p6R\\search.json.mozlz4", (void 0)))
1633173064140	Marionette	INFO	Listening on port 53558
1633173064190	RemoteAgent	WARN	TLS certificate errors will be ignored for this session
1633173067109	Marionette	INFO	Stopped listening on port 53558
JavaScript error: resource:///modules/Interactions.jsm, line 230: NS_ERROR_FAILURE: Component returned failure code: 0x80004005 (NS_ERROR_FAILURE) [nsIUserIdleService.removeIdleObserver]

###!!! [Parent][RunMessage] Error: Channel closing: too late to send/recv, messages will be lost

1633173088748	geckodriver	INFO	Listening on 127.0.0.1:53636
1633173091825	mozrunner::runner	INFO	Running command: "C:\\Program Files\\Mozilla Firefox\\firefox.exe" "--marionette" "-foreground" "-no-remote" "-profile" "C:\\Users\\hoang\\AppData\\Local\\Temp\\rust_mozprofile6Q9z4Q"
1633173092181	Marionette	INFO	Marionette enabled
console.warn: SearchSettings: "get: No settings file exists, new profile?" (new NotFoundError("Could not open the file at C:\\Users\\hoang\\AppData\\Local\\Temp\\rust_mozprofile6Q9z4Q\\search.json.mozlz4", (void 0)))
1633173093929	Marionette	INFO	Listening on port 53645
1633173093996	RemoteAgent	WARN	TLS certificate errors will be ignored for this session
1633173097715	Marionette	INFO	Stopped listening on port 53645
JavaScript error: resource:///modules/Interactions.jsm, line 230: NS_ERROR_FAILURE: Component returned failure code: 0x80004005 (NS_ERROR_FAILURE) [nsIUserIdleService.removeIdleObserver]

###!!! [Parent][RunMessage] Error: Channel closing: too late to send/recv, messages will be lost

